17:08:25:810  INFO 235024 --- [main] com.hmall.pay.PayApplication             : Starting PayApplication using Java 11.0.27 on LAPTOP-6R1D4VLP with PID 235024 (D:\JavaWeb_learn\hmall\pay-service\target\classes started by LiJiaxiang in D:\JavaWeb_learn\hmall)
17:08:25:814 DEBUG 235024 --- [main] com.hmall.pay.PayApplication             : Running with Spring Boot v2.7.12, Spring v5.3.27
17:08:25:815  INFO 235024 --- [main] com.hmall.pay.PayApplication             : The following 1 profile is active: "local"
17:08:26:627  INFO 235024 --- [main] o.s.cloud.context.scope.GenericScope     : BeanFactory id=2396d169-3137-3611-8230-23453ae7352c
17:08:26:937  INFO 235024 --- [main] o.s.b.w.embedded.tomcat.TomcatWebServer  : Tomcat initialized with port(s): 8086 (http)
17:08:26:945  INFO 235024 --- [main] o.apache.catalina.core.StandardService   : Starting service [Tomcat]
17:08:26:945  INFO 235024 --- [main] org.apache.catalina.core.StandardEngine  : Starting Servlet engine: [Apache Tomcat/9.0.75]
17:08:27:098  INFO 235024 --- [main] o.a.c.c.C.[Tomcat].[localhost].[/]       : Initializing Spring embedded WebApplicationContext
17:08:27:099  INFO 235024 --- [main] w.s.c.ServletWebServerApplicationContext : Root WebApplicationContext: initialization completed in 1257 ms
17:08:27:235  INFO 235024 --- [main] o.s.c.openfeign.FeignClientFactoryBean   : For 'user-service' URL not provided. Will try picking an instance via load-balancing.
17:08:27:278  INFO 235024 --- [main] o.s.c.openfeign.FeignClientFactoryBean   : For 'trade-service' URL not provided. Will try picking an instance via load-balancing.
17:08:32:060  INFO 235024 --- [main] o.s.cloud.commons.util.InetUtils         : Cannot determine local hostname
17:08:32:087  INFO 235024 --- [main] pertySourcedRequestMappingHandlerMapping : Mapped URL path [/v2/api-docs] onto method [springfox.documentation.swagger2.web.Swagger2ControllerWebMvc#getDocumentation(String, HttpServletRequest)]
17:08:34:349  INFO 235024 --- [main] o.s.cloud.commons.util.InetUtils         : Cannot determine local hostname
17:08:34:647  INFO 235024 --- [main] com.alibaba.nacos.common.remote.client   : [RpcClientFactory] create a new rpc client of 63293c67-718a-4f15-b217-adc4a50d48f9
17:08:34:691  INFO 235024 --- [main] org.reflections.Reflections              : Reflections took 21 ms to scan 1 urls, producing 3 keys and 6 values 
17:08:34:717  INFO 235024 --- [main] org.reflections.Reflections              : Reflections took 8 ms to scan 1 urls, producing 4 keys and 9 values 
17:08:34:724  INFO 235024 --- [main] org.reflections.Reflections              : Reflections took 6 ms to scan 1 urls, producing 3 keys and 10 values 
17:08:34:726  WARN 235024 --- [main] org.reflections.Reflections              : given scan urls are empty. set urls in the configuration
17:08:34:731  INFO 235024 --- [main] org.reflections.Reflections              : Reflections took 5 ms to scan 1 urls, producing 1 keys and 5 values 
17:08:34:748  INFO 235024 --- [main] org.reflections.Reflections              : Reflections took 16 ms to scan 1 urls, producing 1 keys and 7 values 
17:08:34:758  INFO 235024 --- [main] org.reflections.Reflections              : Reflections took 8 ms to scan 1 urls, producing 2 keys and 8 values 
17:08:34:759  WARN 235024 --- [main] org.reflections.Reflections              : given scan urls are empty. set urls in the configuration
17:08:34:761  INFO 235024 --- [main] com.alibaba.nacos.common.remote.client   : [63293c67-718a-4f15-b217-adc4a50d48f9] RpcClient init label, labels = {module=naming, source=sdk}
17:08:34:762  INFO 235024 --- [main] com.alibaba.nacos.common.remote.client   : [63293c67-718a-4f15-b217-adc4a50d48f9] RpcClient init, ServerListFactory = com.alibaba.nacos.client.naming.core.ServerListManager
17:08:34:762  INFO 235024 --- [main] com.alibaba.nacos.common.remote.client   : [63293c67-718a-4f15-b217-adc4a50d48f9] Registry connection listener to current client:com.alibaba.nacos.client.naming.remote.gprc.redo.NamingGrpcRedoService
17:08:34:763  INFO 235024 --- [main] com.alibaba.nacos.common.remote.client   : [63293c67-718a-4f15-b217-adc4a50d48f9] Register server push request handler:com.alibaba.nacos.client.naming.remote.gprc.NamingPushRequestHandler
17:08:34:764  INFO 235024 --- [main] com.alibaba.nacos.common.remote.client   : [63293c67-718a-4f15-b217-adc4a50d48f9] Try to connect to server on start up, server: {serverIp = '192.168.88.130', server main port = 8848}
17:08:37:255  INFO 235024 --- [main] com.alibaba.nacos.common.remote.client   : [63293c67-718a-4f15-b217-adc4a50d48f9] Success to connect to server [192.168.88.130:8848] on start up, connectionId = 1750151319144_192.168.88.1_62033
17:08:37:258  INFO 235024 --- [main] com.alibaba.nacos.common.remote.client   : [63293c67-718a-4f15-b217-adc4a50d48f9] Register server push request handler:com.alibaba.nacos.common.remote.client.RpcClient$ConnectResetRequestHandler
17:08:37:258  INFO 235024 --- [com.alibaba.nacos.client.remote.worker] com.alibaba.nacos.common.remote.client   : [63293c67-718a-4f15-b217-adc4a50d48f9] Notify connected event to listeners.
17:08:37:259  INFO 235024 --- [main] com.alibaba.nacos.common.remote.client   : [63293c67-718a-4f15-b217-adc4a50d48f9] Register server push request handler:com.alibaba.nacos.common.remote.client.RpcClient$$Lambda$1072/0x00000008007af040
17:08:37:336  INFO 235024 --- [main] o.s.b.w.embedded.tomcat.TomcatWebServer  : Tomcat started on port(s): 8086 (http) with context path ''
17:08:37:346  INFO 235024 --- [main] c.a.c.n.registry.NacosServiceRegistry    : nacos registry, DEFAULT_GROUP pay-service 192.168.255.1:8086 register finished
17:08:37:794  INFO 235024 --- [nacos-grpc-client-executor-9] com.alibaba.nacos.common.remote.client   : [63293c67-718a-4f15-b217-adc4a50d48f9] Receive server push request, request = NotifySubscriberRequest, requestId = 285
17:08:37:797  INFO 235024 --- [nacos-grpc-client-executor-9] com.alibaba.nacos.common.remote.client   : [63293c67-718a-4f15-b217-adc4a50d48f9] Ack server push request, request = NotifySubscriberRequest, requestId = 285
17:08:39:204  INFO 235024 --- [main] o.s.cloud.commons.util.InetUtils         : Cannot determine local hostname
17:08:39:205  INFO 235024 --- [main] d.s.w.p.DocumentationPluginsBootstrapper : Documentation plugins bootstrapped
17:08:39:206  INFO 235024 --- [main] d.s.w.p.DocumentationPluginsBootstrapper : Found 1 custom documentation plugin(s)
17:08:39:219  INFO 235024 --- [main] s.d.s.w.s.ApiListingReferenceScanner     : Scanning for api listing references
17:08:39:280  INFO 235024 --- [main] com.hmall.pay.PayApplication             : Started PayApplication in 15.758 seconds (JVM running for 16.935)
