17:32:02:682  INFO 311824 --- [main] com.hmall.HMallApplication               : Starting HMallApplication using Java 11.0.27 on LAPTOP-6R1D4VLP with PID 311824 (D:\JavaWeb_learn\hmall\hm-service\target\classes started by LiJiaxiang in D:\JavaWeb_learn\hmall)
17:32:02:683 DEBUG 311824 --- [main] com.hmall.HMallApplication               : Running with Spring Boot v2.7.12, Spring v5.3.27
17:32:02:683  INFO 311824 --- [main] com.hmall.HMallApplication               : The following 1 profile is active: "local"
17:32:03:235  INFO 311824 --- [main] .s.d.r.c.RepositoryConfigurationDelegate : Multiple Spring Data modules found, entering strict repository configuration mode
17:32:03:236  INFO 311824 --- [main] .s.d.r.c.RepositoryConfigurationDelegate : Bootstrapping Spring Data Redis repositories in DEFAULT mode.
17:32:03:261  INFO 311824 --- [main] .s.d.r.c.RepositoryConfigurationDelegate : Finished Spring Data repository scanning in 11 ms. Found 0 Redis repository interfaces.
17:32:03:581  INFO 311824 --- [main] o.s.b.w.embedded.tomcat.TomcatWebServer  : Tomcat initialized with port(s): 8080 (http)
17:32:03:588  INFO 311824 --- [main] o.apache.catalina.core.StandardService   : Starting service [Tomcat]
17:32:03:588  INFO 311824 --- [main] org.apache.catalina.core.StandardEngine  : Starting Servlet engine: [Apache Tomcat/9.0.75]
17:32:03:701  INFO 311824 --- [main] o.a.c.c.C.[Tomcat].[localhost].[/]       : Initializing Spring embedded WebApplicationContext
17:32:03:701  INFO 311824 --- [main] w.s.c.ServletWebServerApplicationContext : Root WebApplicationContext: initialization completed in 986 ms
17:32:05:446  INFO 311824 --- [main] pertySourcedRequestMappingHandlerMapping : Mapped URL path [/v2/api-docs] onto method [springfox.documentation.swagger2.web.Swagger2ControllerWebMvc#getDocumentation(String, HttpServletRequest)]
17:32:05:679  INFO 311824 --- [main] o.s.b.w.embedded.tomcat.TomcatWebServer  : Tomcat started on port(s): 8080 (http) with context path ''
17:32:05:680  INFO 311824 --- [main] d.s.w.p.DocumentationPluginsBootstrapper : Documentation plugins bootstrapped
17:32:05:682  INFO 311824 --- [main] d.s.w.p.DocumentationPluginsBootstrapper : Found 1 custom documentation plugin(s)
17:32:05:706  INFO 311824 --- [main] s.d.s.w.s.ApiListingReferenceScanner     : Scanning for api listing references
17:32:05:833  INFO 311824 --- [main] com.hmall.HMallApplication               : Started HMallApplication in 3.449 seconds (JVM running for 4.495)
17:32:10:342  INFO 311824 --- [http-nio-8080-exec-1] o.a.c.c.C.[Tomcat].[localhost].[/]       : Initializing Spring DispatcherServlet 'dispatcherServlet'
17:32:10:343  INFO 311824 --- [http-nio-8080-exec-1] o.s.web.servlet.DispatcherServlet        : Initializing Servlet 'dispatcherServlet'
17:32:10:344  INFO 311824 --- [http-nio-8080-exec-1] o.s.web.servlet.DispatcherServlet        : Completed initialization in 1 ms
17:32:10:463  INFO 311824 --- [http-nio-8080-exec-1] com.zaxxer.hikari.HikariDataSource       : HikariPool-1 - Starting...
17:32:10:770  INFO 311824 --- [http-nio-8080-exec-1] com.zaxxer.hikari.HikariDataSource       : HikariPool-1 - Start completed.
17:32:10:774 DEBUG 311824 --- [http-nio-8080-exec-1] com.hmall.mapper.UserMapper.selectOne    : ==>  Preparing: SELECT id,username,password,phone,create_time,update_time,status,balance FROM user WHERE (username = ?)
17:32:10:786 DEBUG 311824 --- [http-nio-8080-exec-1] com.hmall.mapper.UserMapper.selectOne    : ==> Parameters: jack(String)
17:32:10:804 DEBUG 311824 --- [http-nio-8080-exec-1] com.hmall.mapper.UserMapper.selectOne    : <==      Total: 1
17:32:11:162 DEBUG 311824 --- [http-nio-8080-exec-2] com.hmall.mapper.CartMapper.selectList   : ==>  Preparing: SELECT id,user_id,item_id,num,name,spec,price,image,create_time,update_time FROM cart WHERE (user_id = ?)
17:32:11:163 DEBUG 311824 --- [http-nio-8080-exec-2] com.hmall.mapper.CartMapper.selectList   : ==> Parameters: 1(Long)
17:32:11:187 DEBUG 311824 --- [http-nio-8080-exec-2] com.hmall.mapper.CartMapper.selectList   : <==      Total: 0
17:32:26:934 DEBUG 311824 --- [http-nio-8080-exec-3] com.hmall.mapper.UserMapper.selectOne    : ==>  Preparing: SELECT id,username,password,phone,create_time,update_time,status,balance FROM user WHERE (username = ?)
17:32:26:935 DEBUG 311824 --- [http-nio-8080-exec-3] com.hmall.mapper.UserMapper.selectOne    : ==> Parameters: jack(String)
17:32:26:936 DEBUG 311824 --- [http-nio-8080-exec-3] com.hmall.mapper.UserMapper.selectOne    : <==      Total: 1
17:32:27:083 DEBUG 311824 --- [http-nio-8080-exec-4] com.hmall.mapper.CartMapper.selectList   : ==>  Preparing: SELECT id,user_id,item_id,num,name,spec,price,image,create_time,update_time FROM cart WHERE (user_id = ?)
17:32:27:084 DEBUG 311824 --- [http-nio-8080-exec-4] com.hmall.mapper.CartMapper.selectList   : ==> Parameters: 1(Long)
17:32:27:085 DEBUG 311824 --- [http-nio-8080-exec-4] com.hmall.mapper.CartMapper.selectList   : <==      Total: 0
17:32:35:718  INFO 311824 --- [SpringApplicationShutdownHook] com.zaxxer.hikari.HikariDataSource       : HikariPool-1 - Shutdown initiated...
17:32:35:740  INFO 311824 --- [SpringApplicationShutdownHook] com.zaxxer.hikari.HikariDataSource       : HikariPool-1 - Shutdown completed.
