23:08:57:660  INFO 173304 --- [main] com.hmall.cart.CartApplication           : The following 1 profile is active: "local"
23:08:58:278 ERROR 173304 --- [main] o.s.boot.SpringApplication               : Application run failed

java.lang.IllegalStateException: Error processing condition on com.hmall.common.config.MyBatisConfig.mybatisPlusInterceptor
	at org.springframework.boot.autoconfigure.condition.SpringBootCondition.matches(SpringBootCondition.java:60) ~[spring-boot-autoconfigure-2.7.12.jar:2.7.12]
	at org.springframework.context.annotation.ConditionEvaluator.shouldSkip(ConditionEvaluator.java:108) ~[spring-context-5.3.27.jar:5.3.27]
	at org.springframework.context.annotation.ConfigurationClassBeanDefinitionReader.loadBeanDefinitionsForBeanMethod(ConfigurationClassBeanDefinitionReader.java:193) ~[spring-context-5.3.27.jar:5.3.27]
	at org.springframework.context.annotation.ConfigurationClassBeanDefinitionReader.loadBeanDefinitionsForConfigurationClass(ConfigurationClassBeanDefinitionReader.java:153) ~[spring-context-5.3.27.jar:5.3.27]
	at org.springframework.context.annotation.ConfigurationClassBeanDefinitionReader.loadBeanDefinitions(ConfigurationClassBeanDefinitionReader.java:129) ~[spring-context-5.3.27.jar:5.3.27]
	at org.springframework.context.annotation.ConfigurationClassPostProcessor.processConfigBeanDefinitions(ConfigurationClassPostProcessor.java:343) ~[spring-context-5.3.27.jar:5.3.27]
	at org.springframework.context.annotation.ConfigurationClassPostProcessor.postProcessBeanDefinitionRegistry(ConfigurationClassPostProcessor.java:247) ~[spring-context-5.3.27.jar:5.3.27]
	at org.springframework.context.support.PostProcessorRegistrationDelegate.invokeBeanDefinitionRegistryPostProcessors(PostProcessorRegistrationDelegate.java:311) ~[spring-context-5.3.27.jar:5.3.27]
	at org.springframework.context.support.PostProcessorRegistrationDelegate.invokeBeanFactoryPostProcessors(PostProcessorRegistrationDelegate.java:112) ~[spring-context-5.3.27.jar:5.3.27]
	at org.springframework.context.support.AbstractApplicationContext.invokeBeanFactoryPostProcessors(AbstractApplicationContext.java:748) ~[spring-context-5.3.27.jar:5.3.27]
	at org.springframework.context.support.AbstractApplicationContext.refresh(AbstractApplicationContext.java:564) ~[spring-context-5.3.27.jar:5.3.27]
	at org.springframework.boot.web.servlet.context.ServletWebServerApplicationContext.refresh(ServletWebServerApplicationContext.java:147) ~[spring-boot-2.7.12.jar:2.7.12]
	at org.springframework.boot.SpringApplication.refresh(SpringApplication.java:731) ~[spring-boot-2.7.12.jar:2.7.12]
	at org.springframework.boot.SpringApplication.refreshContext(SpringApplication.java:408) ~[spring-boot-2.7.12.jar:2.7.12]
	at org.springframework.boot.SpringApplication.run(SpringApplication.java:307) ~[spring-boot-2.7.12.jar:2.7.12]
	at org.springframework.boot.SpringApplication.run(SpringApplication.java:1303) ~[spring-boot-2.7.12.jar:2.7.12]
	at org.springframework.boot.SpringApplication.run(SpringApplication.java:1292) ~[spring-boot-2.7.12.jar:2.7.12]
	at com.hmall.cart.CartApplication.main(CartApplication.java:16) ~[classes/:na]
Caused by: java.lang.IllegalStateException: Failed to introspect Class [com.hmall.common.config.MqConfig] from ClassLoader [jdk.internal.loader.ClassLoaders$AppClassLoader@7b1d7fff]
	at org.springframework.util.ReflectionUtils.getDeclaredMethods(ReflectionUtils.java:485) ~[spring-core-5.3.27.jar:5.3.27]
	at org.springframework.util.ReflectionUtils.doWithMethods(ReflectionUtils.java:361) ~[spring-core-5.3.27.jar:5.3.27]
	at org.springframework.util.ReflectionUtils.getUniqueDeclaredMethods(ReflectionUtils.java:418) ~[spring-core-5.3.27.jar:5.3.27]
	at org.springframework.beans.factory.support.AbstractAutowireCapableBeanFactory.lambda$getTypeForFactoryMethod$2(AbstractAutowireCapableBeanFactory.java:765) ~[spring-beans-5.3.27.jar:5.3.27]
	at java.base/java.util.concurrent.ConcurrentHashMap.computeIfAbsent(ConcurrentHashMap.java:1737) ~[na:na]
	at org.springframework.beans.factory.support.AbstractAutowireCapableBeanFactory.getTypeForFactoryMethod(AbstractAutowireCapableBeanFactory.java:764) ~[spring-beans-5.3.27.jar:5.3.27]
	at org.springframework.beans.factory.support.AbstractAutowireCapableBeanFactory.determineTargetType(AbstractAutowireCapableBeanFactory.java:703) ~[spring-beans-5.3.27.jar:5.3.27]
	at org.springframework.beans.factory.support.AbstractAutowireCapableBeanFactory.predictBeanType(AbstractAutowireCapableBeanFactory.java:674) ~[spring-beans-5.3.27.jar:5.3.27]
	at org.springframework.beans.factory.support.AbstractBeanFactory.isFactoryBean(AbstractBeanFactory.java:1684) ~[spring-beans-5.3.27.jar:5.3.27]
	at org.springframework.beans.factory.support.DefaultListableBeanFactory.doGetBeanNamesForType(DefaultListableBeanFactory.java:570) ~[spring-beans-5.3.27.jar:5.3.27]
	at org.springframework.beans.factory.support.DefaultListableBeanFactory.getBeanNamesForType(DefaultListableBeanFactory.java:542) ~[spring-beans-5.3.27.jar:5.3.27]
	at org.springframework.boot.autoconfigure.condition.OnBeanCondition.collectBeanNamesForType(OnBeanCondition.java:246) ~[spring-boot-autoconfigure-2.7.12.jar:2.7.12]
	at org.springframework.boot.autoconfigure.condition.OnBeanCondition.getBeanNamesForType(OnBeanCondition.java:239) ~[spring-boot-autoconfigure-2.7.12.jar:2.7.12]
	at org.springframework.boot.autoconfigure.condition.OnBeanCondition.getBeanNamesForType(OnBeanCondition.java:229) ~[spring-boot-autoconfigure-2.7.12.jar:2.7.12]
	at org.springframework.boot.autoconfigure.condition.OnBeanCondition.getMatchingBeans(OnBeanCondition.java:182) ~[spring-boot-autoconfigure-2.7.12.jar:2.7.12]
	at org.springframework.boot.autoconfigure.condition.OnBeanCondition.getMatchOutcome(OnBeanCondition.java:157) ~[spring-boot-autoconfigure-2.7.12.jar:2.7.12]
	at org.springframework.boot.autoconfigure.condition.SpringBootCondition.matches(SpringBootCondition.java:47) ~[spring-boot-autoconfigure-2.7.12.jar:2.7.12]
	... 17 common frames omitted
Caused by: java.lang.NoClassDefFoundError: org/springframework/amqp/support/converter/MessageConverter
	at java.base/java.lang.Class.getDeclaredMethods0(Native Method) ~[na:na]
	at java.base/java.lang.Class.privateGetDeclaredMethods(Class.java:3166) ~[na:na]
	at java.base/java.lang.Class.getDeclaredMethods(Class.java:2309) ~[na:na]
	at org.springframework.util.ReflectionUtils.getDeclaredMethods(ReflectionUtils.java:467) ~[spring-core-5.3.27.jar:5.3.27]
	... 33 common frames omitted
Caused by: java.lang.ClassNotFoundException: org.springframework.amqp.support.converter.MessageConverter
	at java.base/jdk.internal.loader.BuiltinClassLoader.loadClass(BuiltinClassLoader.java:581) ~[na:na]
	at java.base/jdk.internal.loader.ClassLoaders$AppClassLoader.loadClass(ClassLoaders.java:178) ~[na:na]
	at java.base/java.lang.ClassLoader.loadClass(ClassLoader.java:526) ~[na:na]
	... 37 common frames omitted

23:08:58:280  WARN 173304 --- [main] o.s.boot.SpringApplication               : Unable to close ApplicationContext

java.lang.IllegalStateException: Failed to introspect Class [com.hmall.common.config.MqConfig] from ClassLoader [jdk.internal.loader.ClassLoaders$AppClassLoader@7b1d7fff]
	at org.springframework.util.ReflectionUtils.getDeclaredMethods(ReflectionUtils.java:485) ~[spring-core-5.3.27.jar:5.3.27]
	at org.springframework.util.ReflectionUtils.doWithMethods(ReflectionUtils.java:361) ~[spring-core-5.3.27.jar:5.3.27]
	at org.springframework.util.ReflectionUtils.getUniqueDeclaredMethods(ReflectionUtils.java:418) ~[spring-core-5.3.27.jar:5.3.27]
	at org.springframework.beans.factory.support.AbstractAutowireCapableBeanFactory.lambda$getTypeForFactoryMethod$2(AbstractAutowireCapableBeanFactory.java:765) ~[spring-beans-5.3.27.jar:5.3.27]
	at java.base/java.util.concurrent.ConcurrentHashMap.computeIfAbsent(ConcurrentHashMap.java:1737) ~[na:na]
	at org.springframework.beans.factory.support.AbstractAutowireCapableBeanFactory.getTypeForFactoryMethod(AbstractAutowireCapableBeanFactory.java:764) ~[spring-beans-5.3.27.jar:5.3.27]
	at org.springframework.beans.factory.support.AbstractAutowireCapableBeanFactory.determineTargetType(AbstractAutowireCapableBeanFactory.java:703) ~[spring-beans-5.3.27.jar:5.3.27]
	at org.springframework.beans.factory.support.AbstractAutowireCapableBeanFactory.predictBeanType(AbstractAutowireCapableBeanFactory.java:674) ~[spring-beans-5.3.27.jar:5.3.27]
	at org.springframework.beans.factory.support.AbstractBeanFactory.isFactoryBean(AbstractBeanFactory.java:1684) ~[spring-beans-5.3.27.jar:5.3.27]
	at org.springframework.beans.factory.support.DefaultListableBeanFactory.doGetBeanNamesForType(DefaultListableBeanFactory.java:570) ~[spring-beans-5.3.27.jar:5.3.27]
	at org.springframework.beans.factory.support.DefaultListableBeanFactory.getBeanNamesForType(DefaultListableBeanFactory.java:542) ~[spring-beans-5.3.27.jar:5.3.27]
	at org.springframework.beans.factory.support.DefaultListableBeanFactory.getBeansOfType(DefaultListableBeanFactory.java:669) ~[spring-beans-5.3.27.jar:5.3.27]
	at org.springframework.beans.factory.support.DefaultListableBeanFactory.getBeansOfType(DefaultListableBeanFactory.java:661) ~[spring-beans-5.3.27.jar:5.3.27]
	at org.springframework.context.support.AbstractApplicationContext.getBeansOfType(AbstractApplicationContext.java:1302) ~[spring-context-5.3.27.jar:5.3.27]
	at org.springframework.boot.SpringApplication.getExitCodeFromMappedException(SpringApplication.java:864) ~[spring-boot-2.7.12.jar:2.7.12]
	at org.springframework.boot.SpringApplication.getExitCodeFromException(SpringApplication.java:852) ~[spring-boot-2.7.12.jar:2.7.12]
	at org.springframework.boot.SpringApplication.handleExitCode(SpringApplication.java:839) ~[spring-boot-2.7.12.jar:2.7.12]
	at org.springframework.boot.SpringApplication.handleRunFailure(SpringApplication.java:779) ~[spring-boot-2.7.12.jar:2.7.12]
	at org.springframework.boot.SpringApplication.run(SpringApplication.java:317) ~[spring-boot-2.7.12.jar:2.7.12]
	at org.springframework.boot.SpringApplication.run(SpringApplication.java:1303) ~[spring-boot-2.7.12.jar:2.7.12]
	at org.springframework.boot.SpringApplication.run(SpringApplication.java:1292) ~[spring-boot-2.7.12.jar:2.7.12]
	at com.hmall.cart.CartApplication.main(CartApplication.java:16) ~[classes/:na]
Caused by: java.lang.NoClassDefFoundError: org/springframework/amqp/support/converter/MessageConverter
	at java.base/java.lang.Class.getDeclaredMethods0(Native Method) ~[na:na]
	at java.base/java.lang.Class.privateGetDeclaredMethods(Class.java:3166) ~[na:na]
	at java.base/java.lang.Class.getDeclaredMethods(Class.java:2309) ~[na:na]
	at org.springframework.util.ReflectionUtils.getDeclaredMethods(ReflectionUtils.java:467) ~[spring-core-5.3.27.jar:5.3.27]
	... 21 common frames omitted
Caused by: java.lang.ClassNotFoundException: org.springframework.amqp.support.converter.MessageConverter
	at java.base/jdk.internal.loader.BuiltinClassLoader.loadClass(BuiltinClassLoader.java:581) ~[na:na]
	at java.base/jdk.internal.loader.ClassLoaders$AppClassLoader.loadClass(ClassLoaders.java:178) ~[na:na]
	at java.base/java.lang.ClassLoader.loadClass(ClassLoader.java:526) ~[na:na]
	... 25 common frames omitted

23:08:58:281  WARN 173304 --- [Thread-5] c.a.nacos.common.notify.NotifyCenter     : [NotifyCenter] Start destroying Publisher
23:08:58:281  WARN 173304 --- [Thread-1] c.a.n.common.http.HttpClientBeanHolder   : [HttpClientBeanHolder] Start destroying common HttpClient
23:08:58:282  WARN 173304 --- [Thread-5] c.a.nacos.common.notify.NotifyCenter     : [NotifyCenter] Destruction of the end
23:13:28:498  INFO 167812 --- [main] com.hmall.cart.CartApplication           : The following 1 profile is active: "local"
23:13:29:375  INFO 167812 --- [main] o.s.cloud.context.scope.GenericScope     : BeanFactory id=f3638690-f24a-3b0d-b048-b6505745e0d3
23:13:29:429  INFO 167812 --- [main] trationDelegate$BeanPostProcessorChecker : Bean 'io.seata.spring.boot.autoconfigure.SeataCoreAutoConfiguration' of type [io.seata.spring.boot.autoconfigure.SeataCoreAutoConfiguration] is not eligible for getting processed by all BeanPostProcessors (for example: not eligible for auto-proxying)
23:13:29:430  INFO 167812 --- [main] trationDelegate$BeanPostProcessorChecker : Bean 'springApplicationContextProvider' of type [io.seata.spring.boot.autoconfigure.provider.SpringApplicationContextProvider] is not eligible for getting processed by all BeanPostProcessors (for example: not eligible for auto-proxying)
23:13:29:431  INFO 167812 --- [main] trationDelegate$BeanPostProcessorChecker : Bean 'io.seata.spring.boot.autoconfigure.SeataAutoConfiguration' of type [io.seata.spring.boot.autoconfigure.SeataAutoConfiguration] is not eligible for getting processed by all BeanPostProcessors (for example: not eligible for auto-proxying)
23:13:29:475  INFO 167812 --- [main] trationDelegate$BeanPostProcessorChecker : Bean 'failureHandler' of type [io.seata.tm.api.DefaultFailureHandlerImpl] is not eligible for getting processed by all BeanPostProcessors (for example: not eligible for auto-proxying)
23:13:29:477  INFO 167812 --- [main] trationDelegate$BeanPostProcessorChecker : Bean 'org.springframework.cloud.commons.config.CommonsConfigAutoConfiguration' of type [org.springframework.cloud.commons.config.CommonsConfigAutoConfiguration] is not eligible for getting processed by all BeanPostProcessors (for example: not eligible for auto-proxying)
23:13:29:477  INFO 167812 --- [main] trationDelegate$BeanPostProcessorChecker : Bean 'org.springframework.cloud.client.loadbalancer.LoadBalancerDefaultMappingsProviderAutoConfiguration' of type [org.springframework.cloud.client.loadbalancer.LoadBalancerDefaultMappingsProviderAutoConfiguration] is not eligible for getting processed by all BeanPostProcessors (for example: not eligible for auto-proxying)
23:13:29:478  INFO 167812 --- [main] trationDelegate$BeanPostProcessorChecker : Bean 'loadBalancerClientsDefaultsMappingsProvider' of type [org.springframework.cloud.client.loadbalancer.LoadBalancerDefaultMappingsProviderAutoConfiguration$$Lambda$565/0x000000080064f840] is not eligible for getting processed by all BeanPostProcessors (for example: not eligible for auto-proxying)
23:13:29:478  INFO 167812 --- [main] trationDelegate$BeanPostProcessorChecker : Bean 'defaultsBindHandlerAdvisor' of type [org.springframework.cloud.commons.config.DefaultsBindHandlerAdvisor] is not eligible for getting processed by all BeanPostProcessors (for example: not eligible for auto-proxying)
23:13:29:480  INFO 167812 --- [main] trationDelegate$BeanPostProcessorChecker : Bean 'springCloudAlibabaConfiguration' of type [io.seata.spring.boot.autoconfigure.properties.SpringCloudAlibabaConfiguration] is not eligible for getting processed by all BeanPostProcessors (for example: not eligible for auto-proxying)
23:13:29:481  INFO 167812 --- [main] trationDelegate$BeanPostProcessorChecker : Bean 'seataProperties' of type [io.seata.spring.boot.autoconfigure.properties.SeataProperties] is not eligible for getting processed by all BeanPostProcessors (for example: not eligible for auto-proxying)
23:13:29:482  INFO 167812 --- [main] i.s.s.b.a.SeataAutoConfiguration         : Automatically configure Seata
23:13:29:519  INFO 167812 --- [main] io.seata.config.ConfigurationFactory     : load Configuration from :Spring Configuration
23:13:29:522  INFO 167812 --- [main] io.seata.config.ConfigurationFactory     : load Configuration from :Spring Configuration
23:13:29:570  INFO 167812 --- [main] i.s.s.a.GlobalTransactionScanner         : Initializing Global Transaction Clients ... 
23:13:29:643  INFO 167812 --- [main] i.s.core.rpc.netty.NettyClientBootstrap  : NettyClientBootstrap has started
23:13:29:879  INFO 167812 --- [main] com.alibaba.nacos.common.remote.client   : [RpcClientFactory] create a new rpc client of 02f71322-4a23-40bc-b05c-5939961ed2ea
23:13:29:879  INFO 167812 --- [main] com.alibaba.nacos.common.remote.client   : [02f71322-4a23-40bc-b05c-5939961ed2ea] RpcClient init label, labels = {module=naming, source=sdk}
23:13:29:880  INFO 167812 --- [main] com.alibaba.nacos.common.remote.client   : [02f71322-4a23-40bc-b05c-5939961ed2ea] RpcClient init, ServerListFactory = com.alibaba.nacos.client.naming.core.ServerListManager
23:13:29:880  INFO 167812 --- [main] com.alibaba.nacos.common.remote.client   : [02f71322-4a23-40bc-b05c-5939961ed2ea] Registry connection listener to current client:com.alibaba.nacos.client.naming.remote.gprc.redo.NamingGrpcRedoService
23:13:29:881  INFO 167812 --- [main] com.alibaba.nacos.common.remote.client   : [02f71322-4a23-40bc-b05c-5939961ed2ea] Register server push request handler:com.alibaba.nacos.client.naming.remote.gprc.NamingPushRequestHandler
23:13:29:881  INFO 167812 --- [main] com.alibaba.nacos.common.remote.client   : [02f71322-4a23-40bc-b05c-5939961ed2ea] Try to connect to server on start up, server: {serverIp = '192.168.88.130', server main port = 8848}
23:13:30:003  INFO 167812 --- [main] com.alibaba.nacos.common.remote.client   : [02f71322-4a23-40bc-b05c-5939961ed2ea] Success to connect to server [192.168.88.130:8848] on start up, connectionId = 1749827610751_192.168.88.1_60252
23:13:30:003  INFO 167812 --- [main] com.alibaba.nacos.common.remote.client   : [02f71322-4a23-40bc-b05c-5939961ed2ea] Register server push request handler:com.alibaba.nacos.common.remote.client.RpcClient$ConnectResetRequestHandler
23:13:30:003  INFO 167812 --- [main] com.alibaba.nacos.common.remote.client   : [02f71322-4a23-40bc-b05c-5939961ed2ea] Register server push request handler:com.alibaba.nacos.common.remote.client.RpcClient$$Lambda$473/0x0000000800457c40
23:13:30:003  INFO 167812 --- [com.alibaba.nacos.client.remote.worker] com.alibaba.nacos.common.remote.client   : [02f71322-4a23-40bc-b05c-5939961ed2ea] Notify connected event to listeners.
23:13:30:048  INFO 167812 --- [main] i.s.c.r.netty.NettyClientChannelManager  : will connect to 192.168.88.130:8099
23:13:30:523  INFO 167812 --- [main] i.s.core.rpc.netty.NettyPoolableFactory  : NettyPool create channel to transactionRole:TMROLE,address:192.168.88.130:8099,msg:< RegisterTMRequest{applicationId='cart-service', transactionServiceGroup='hmall'} >
23:13:30:621  INFO 167812 --- [nacos-grpc-client-executor-7] com.alibaba.nacos.common.remote.client   : [02f71322-4a23-40bc-b05c-5939961ed2ea] Receive server push request, request = NotifySubscriberRequest, requestId = 265
23:13:30:624  INFO 167812 --- [nacos-grpc-client-executor-7] com.alibaba.nacos.common.remote.client   : [02f71322-4a23-40bc-b05c-5939961ed2ea] Ack server push request, request = NotifySubscriberRequest, requestId = 265
23:13:31:202  INFO 167812 --- [main] i.s.c.rpc.netty.TmNettyRemotingClient    : register TM success. client version:1.5.2, server version:1.5.2,channel:[id: 0xbbc7af27, L:/192.168.88.1:60253 - R:/192.168.88.130:8099]
23:13:31:206  INFO 167812 --- [main] i.s.core.rpc.netty.NettyPoolableFactory  : register success, cost 200 ms, version:1.5.2,role:TMROLE,channel:[id: 0xbbc7af27, L:/192.168.88.1:60253 - R:/192.168.88.130:8099]
23:13:31:207  INFO 167812 --- [main] i.s.s.a.GlobalTransactionScanner         : Transaction Manager Client is initialized. applicationId[cart-service] txServiceGroup[hmall]
23:13:31:217  INFO 167812 --- [main] io.seata.rm.datasource.AsyncWorker       : Async Commit Buffer Limit: 10000
23:13:31:218  INFO 167812 --- [main] i.s.rm.datasource.xa.ResourceManagerXA   : ResourceManagerXA init ...
23:13:31:225  INFO 167812 --- [main] i.s.core.rpc.netty.NettyClientBootstrap  : NettyClientBootstrap has started
23:13:31:226  INFO 167812 --- [main] i.s.s.a.GlobalTransactionScanner         : Resource Manager is initialized. applicationId[cart-service] txServiceGroup[hmall]
23:13:31:226  INFO 167812 --- [main] i.s.s.a.GlobalTransactionScanner         : Global Transaction Clients are initialized. 
23:13:31:228  INFO 167812 --- [main] trationDelegate$BeanPostProcessorChecker : Bean 'io.seata.spring.boot.autoconfigure.SeataDataSourceAutoConfiguration' of type [io.seata.spring.boot.autoconfigure.SeataDataSourceAutoConfiguration] is not eligible for getting processed by all BeanPostProcessors (for example: not eligible for auto-proxying)
23:13:31:444  INFO 167812 --- [main] trationDelegate$BeanPostProcessorChecker : Bean 'com.alibaba.cloud.seata.feign.SeataFeignClientAutoConfiguration$FeignBeanPostProcessorConfiguration' of type [com.alibaba.cloud.seata.feign.SeataFeignClientAutoConfiguration$FeignBeanPostProcessorConfiguration] is not eligible for getting processed by all BeanPostProcessors (for example: not eligible for auto-proxying)
23:13:31:448  INFO 167812 --- [main] trationDelegate$BeanPostProcessorChecker : Bean 'seataFeignObjectWrapper' of type [com.alibaba.cloud.seata.feign.SeataFeignObjectWrapper] is not eligible for getting processed by all BeanPostProcessors (for example: not eligible for auto-proxying)
23:13:31:692  INFO 167812 --- [main] o.s.b.w.embedded.tomcat.TomcatWebServer  : Tomcat initialized with port(s): 8082 (http)
23:13:31:702  INFO 167812 --- [main] o.apache.catalina.core.StandardService   : Starting service [Tomcat]
23:13:31:702  INFO 167812 --- [main] org.apache.catalina.core.StandardEngine  : Starting Servlet engine: [Apache Tomcat/9.0.75]
23:13:31:863  INFO 167812 --- [main] o.a.c.c.C.[Tomcat].[localhost].[/]       : Initializing Spring embedded WebApplicationContext
23:13:31:864  INFO 167812 --- [main] w.s.c.ServletWebServerApplicationContext : Root WebApplicationContext: initialization completed in 3356 ms
23:13:32:100  INFO 167812 --- [main] o.s.c.openfeign.FeignClientFactoryBean   : For 'item-service' URL not provided. Will try picking an instance via load-balancing.
23:13:32:462  INFO 167812 --- [main] com.zaxxer.hikari.HikariDataSource       : HikariPool-1 - Starting...
23:13:32:729  INFO 167812 --- [main] com.zaxxer.hikari.HikariDataSource       : HikariPool-1 - Start completed.
23:13:32:823  INFO 167812 --- [main] i.s.c.r.netty.NettyClientChannelManager  : will connect to 192.168.88.130:8099
23:13:32:823  INFO 167812 --- [main] i.s.c.rpc.netty.RmNettyRemotingClient    : RM will register :jdbc:mysql://192.168.88.130:3306/hm-cart
23:13:32:824  INFO 167812 --- [main] i.s.core.rpc.netty.NettyPoolableFactory  : NettyPool create channel to transactionRole:RMROLE,address:192.168.88.130:8099,msg:< RegisterRMRequest{resourceIds='jdbc:mysql://192.168.88.130:3306/hm-cart', applicationId='cart-service', transactionServiceGroup='hmall'} >
23:13:32:852  INFO 167812 --- [main] i.s.c.rpc.netty.RmNettyRemotingClient    : register RM success. client version:1.5.2, server version:1.5.2,channel:[id: 0xdd5882cf, L:/192.168.88.1:60259 - R:/192.168.88.130:8099]
23:13:32:852  INFO 167812 --- [main] i.s.core.rpc.netty.NettyPoolableFactory  : register success, cost 26 ms, version:1.5.2,role:RMROLE,channel:[id: 0xdd5882cf, L:/192.168.88.1:60259 - R:/192.168.88.130:8099]
23:13:34:926  INFO 167812 --- [main] c.a.c.sentinel.SentinelWebMvcConfigurer  : [Sentinel Starter] register SentinelWebInterceptor with urlPatterns: [/**].
23:13:36:020  INFO 167812 --- [main] pertySourcedRequestMappingHandlerMapping : Mapped URL path [/v2/api-docs] onto method [springfox.documentation.swagger2.web.Swagger2ControllerWebMvc#getDocumentation(String, HttpServletRequest)]
23:13:37:103  INFO 167812 --- [main] com.alibaba.nacos.common.remote.client   : [RpcClientFactory] create a new rpc client of 1926eb44-e2f5-4c11-ba8c-09ef8be56dce
23:13:37:103  INFO 167812 --- [main] com.alibaba.nacos.common.remote.client   : [1926eb44-e2f5-4c11-ba8c-09ef8be56dce] RpcClient init label, labels = {module=naming, source=sdk}
23:13:37:103  INFO 167812 --- [main] com.alibaba.nacos.common.remote.client   : [1926eb44-e2f5-4c11-ba8c-09ef8be56dce] RpcClient init, ServerListFactory = com.alibaba.nacos.client.naming.core.ServerListManager
23:13:37:103  INFO 167812 --- [main] com.alibaba.nacos.common.remote.client   : [1926eb44-e2f5-4c11-ba8c-09ef8be56dce] Registry connection listener to current client:com.alibaba.nacos.client.naming.remote.gprc.redo.NamingGrpcRedoService
23:13:37:103  INFO 167812 --- [main] com.alibaba.nacos.common.remote.client   : [1926eb44-e2f5-4c11-ba8c-09ef8be56dce] Register server push request handler:com.alibaba.nacos.client.naming.remote.gprc.NamingPushRequestHandler
23:13:37:104  INFO 167812 --- [main] com.alibaba.nacos.common.remote.client   : [1926eb44-e2f5-4c11-ba8c-09ef8be56dce] Try to connect to server on start up, server: {serverIp = '192.168.88.130', server main port = 8848}
23:13:37:226  INFO 167812 --- [main] com.alibaba.nacos.common.remote.client   : [1926eb44-e2f5-4c11-ba8c-09ef8be56dce] Success to connect to server [192.168.88.130:8848] on start up, connectionId = 1749827617971_192.168.88.1_60277
23:13:37:226  INFO 167812 --- [main] com.alibaba.nacos.common.remote.client   : [1926eb44-e2f5-4c11-ba8c-09ef8be56dce] Register server push request handler:com.alibaba.nacos.common.remote.client.RpcClient$ConnectResetRequestHandler
23:13:37:226  INFO 167812 --- [com.alibaba.nacos.client.remote.worker] com.alibaba.nacos.common.remote.client   : [1926eb44-e2f5-4c11-ba8c-09ef8be56dce] Notify connected event to listeners.
23:13:37:226  INFO 167812 --- [main] com.alibaba.nacos.common.remote.client   : [1926eb44-e2f5-4c11-ba8c-09ef8be56dce] Register server push request handler:com.alibaba.nacos.common.remote.client.RpcClient$$Lambda$473/0x0000000800457c40
23:13:37:247  INFO 167812 --- [main] o.s.b.w.embedded.tomcat.TomcatWebServer  : Tomcat started on port(s): 8082 (http) with context path ''
23:13:37:293  INFO 167812 --- [main] c.a.c.n.registry.NacosServiceRegistry    : nacos registry, DEFAULT_GROUP cart-service 192.168.255.1:8082 register finished
23:13:37:856  INFO 167812 --- [nacos-grpc-client-executor-7] com.alibaba.nacos.common.remote.client   : [1926eb44-e2f5-4c11-ba8c-09ef8be56dce] Receive server push request, request = NotifySubscriberRequest, requestId = 266
23:13:37:858  INFO 167812 --- [nacos-grpc-client-executor-7] com.alibaba.nacos.common.remote.client   : [1926eb44-e2f5-4c11-ba8c-09ef8be56dce] Ack server push request, request = NotifySubscriberRequest, requestId = 266
23:13:38:029  INFO 167812 --- [main] d.s.w.p.DocumentationPluginsBootstrapper : Documentation plugins bootstrapped
23:13:38:031  INFO 167812 --- [main] d.s.w.p.DocumentationPluginsBootstrapper : Found 1 custom documentation plugin(s)
23:13:38:054  INFO 167812 --- [main] s.d.s.w.s.ApiListingReferenceScanner     : Scanning for api listing references
23:13:38:118  INFO 167812 --- [main] com.hmall.cart.CartApplication           : Started CartApplication in 14.502 seconds (JVM running for 15.801)
23:13:38:122  INFO 167812 --- [main] c.a.c.n.refresh.NacosContextRefresher    : [Nacos Config] Listening config: dataId=cart-service, group=DEFAULT_GROUP
23:13:38:123  INFO 167812 --- [main] c.a.c.n.refresh.NacosContextRefresher    : [Nacos Config] Listening config: dataId=cart-service.yaml, group=DEFAULT_GROUP
23:13:38:123  INFO 167812 --- [main] c.a.c.n.refresh.NacosContextRefresher    : [Nacos Config] Listening config: dataId=cart-service-local.yaml, group=DEFAULT_GROUP
23:17:14:583  WARN 167812 --- [Thread-1] c.a.n.common.http.HttpClientBeanHolder   : [HttpClientBeanHolder] Start destroying common HttpClient
23:17:14:583  WARN 167812 --- [Thread-5] c.a.nacos.common.notify.NotifyCenter     : [NotifyCenter] Start destroying Publisher
23:17:14:592  WARN 167812 --- [Thread-5] c.a.nacos.common.notify.NotifyCenter     : [NotifyCenter] Destruction of the end
23:17:14:596  WARN 167812 --- [Thread-1] c.a.n.common.http.HttpClientBeanHolder   : [HttpClientBeanHolder] Destruction of the end
23:17:15:245  INFO 167812 --- [SpringContextShutdownHook] c.a.c.n.registry.NacosServiceRegistry    : De-registering from Nacos Server now...
23:17:15:252  INFO 167812 --- [SpringContextShutdownHook] c.a.c.n.registry.NacosServiceRegistry    : De-registration finished.
23:17:15:595  INFO 167812 --- [SpringContextShutdownHook] com.alibaba.nacos.common.remote.client   : Shutdown rpc client, set status to shutdown
23:17:15:595  INFO 167812 --- [SpringContextShutdownHook] com.alibaba.nacos.common.remote.client   : Shutdown client event executor java.util.concurrent.ScheduledThreadPoolExecutor@1169e048[Running, pool size = 2, active threads = 2, queued tasks = 0, completed tasks = 0]
23:17:15:595  INFO 167812 --- [SpringContextShutdownHook] com.alibaba.nacos.common.remote.client   : Close current connection 1749827617971_192.168.88.1_60277
23:17:15:597  INFO 167812 --- [nacos-grpc-client-executor-56] c.a.n.c.remote.client.grpc.GrpcClient    : [1749827617971_192.168.88.1_60277]Ignore complete event,isRunning:false,isAbandon=false
23:17:15:604  INFO 167812 --- [SpringContextShutdownHook] c.a.n.c.remote.client.grpc.GrpcClient    : Shutdown grpc executor java.util.concurrent.ThreadPoolExecutor@4937c377[Running, pool size = 5, active threads = 0, queued tasks = 0, completed tasks = 57]
23:17:15:611  INFO 167812 --- [SpringContextShutdownHook] com.zaxxer.hikari.HikariDataSource       : HikariPool-1 - Shutdown initiated...
23:17:15:639  INFO 167812 --- [SpringContextShutdownHook] com.zaxxer.hikari.HikariDataSource       : HikariPool-1 - Shutdown completed.
