17:27:26:827  INFO 135156 --- [main] com.hmall.user.UserApplication           : Starting UserApplication using Java 11.0.27 on LAPTOP-6R1D4VLP with PID 135156 (D:\JavaWeb_learn\hmall\user-service\target\classes started by LiJiaxiang in D:\JavaWeb_learn\hmall)
17:27:26:828 DEBUG 135156 --- [main] com.hmall.user.UserApplication           : Running with Spring Boot v2.7.12, Spring v5.3.27
17:27:26:828  INFO 135156 --- [main] com.hmall.user.UserApplication           : The following 1 profile is active: "local"
17:27:27:836  INFO 135156 --- [main] o.s.cloud.context.scope.GenericScope     : BeanFactory id=fb80a2c6-16ff-3e90-9665-0c1bd74e9d71
17:27:28:126  INFO 135156 --- [main] o.s.b.w.embedded.tomcat.TomcatWebServer  : Tomcat initialized with port(s): 8084 (http)
17:27:28:135  INFO 135156 --- [main] o.apache.catalina.core.StandardService   : Starting service [Tomcat]
17:27:28:135  INFO 135156 --- [main] org.apache.catalina.core.StandardEngine  : Starting Servlet engine: [Apache Tomcat/9.0.75]
17:27:28:307  INFO 135156 --- [main] o.a.c.c.C.[Tomcat].[localhost].[/]       : Initializing Spring embedded WebApplicationContext
17:27:28:308  INFO 135156 --- [main] w.s.c.ServletWebServerApplicationContext : Root WebApplicationContext: initialization completed in 1440 ms
17:27:32:119  INFO 135156 --- [main] pertySourcedRequestMappingHandlerMapping : Mapped URL path [/v2/api-docs] onto method [springfox.documentation.swagger2.web.Swagger2ControllerWebMvc#getDocumentation(String, HttpServletRequest)]
17:27:33:166  INFO 135156 --- [main] com.alibaba.nacos.common.remote.client   : [RpcClientFactory] create a new rpc client of b7d2fc4d-6d3d-4d60-aa10-f40d86f05abd
17:27:33:203  INFO 135156 --- [main] org.reflections.Reflections              : Reflections took 23 ms to scan 1 urls, producing 3 keys and 6 values 
17:27:33:225  INFO 135156 --- [main] org.reflections.Reflections              : Reflections took 9 ms to scan 1 urls, producing 4 keys and 9 values 
17:27:33:232  INFO 135156 --- [main] org.reflections.Reflections              : Reflections took 5 ms to scan 1 urls, producing 3 keys and 10 values 
17:27:33:234  WARN 135156 --- [main] org.reflections.Reflections              : given scan urls are empty. set urls in the configuration
17:27:33:240  INFO 135156 --- [main] org.reflections.Reflections              : Reflections took 5 ms to scan 1 urls, producing 1 keys and 5 values 
17:27:33:247  INFO 135156 --- [main] org.reflections.Reflections              : Reflections took 5 ms to scan 1 urls, producing 1 keys and 7 values 
17:27:33:268  INFO 135156 --- [main] org.reflections.Reflections              : Reflections took 5 ms to scan 1 urls, producing 2 keys and 8 values 
17:27:33:270  WARN 135156 --- [main] org.reflections.Reflections              : given scan urls are empty. set urls in the configuration
17:27:33:270  INFO 135156 --- [main] com.alibaba.nacos.common.remote.client   : [b7d2fc4d-6d3d-4d60-aa10-f40d86f05abd] RpcClient init label, labels = {module=naming, source=sdk}
17:27:33:271  INFO 135156 --- [main] com.alibaba.nacos.common.remote.client   : [b7d2fc4d-6d3d-4d60-aa10-f40d86f05abd] RpcClient init, ServerListFactory = com.alibaba.nacos.client.naming.core.ServerListManager
17:27:33:271  INFO 135156 --- [main] com.alibaba.nacos.common.remote.client   : [b7d2fc4d-6d3d-4d60-aa10-f40d86f05abd] Registry connection listener to current client:com.alibaba.nacos.client.naming.remote.gprc.redo.NamingGrpcRedoService
17:27:33:271  INFO 135156 --- [main] com.alibaba.nacos.common.remote.client   : [b7d2fc4d-6d3d-4d60-aa10-f40d86f05abd] Register server push request handler:com.alibaba.nacos.client.naming.remote.gprc.NamingPushRequestHandler
17:27:33:274  INFO 135156 --- [main] com.alibaba.nacos.common.remote.client   : [b7d2fc4d-6d3d-4d60-aa10-f40d86f05abd] Try to connect to server on start up, server: {serverIp = '192.168.88.130', server main port = 8848}
17:27:35:758  INFO 135156 --- [main] com.alibaba.nacos.common.remote.client   : [b7d2fc4d-6d3d-4d60-aa10-f40d86f05abd] Success to connect to server [192.168.88.130:8848] on start up, connectionId = 1749461257337_192.168.88.1_63205
17:27:35:759  INFO 135156 --- [com.alibaba.nacos.client.remote.worker] com.alibaba.nacos.common.remote.client   : [b7d2fc4d-6d3d-4d60-aa10-f40d86f05abd] Notify connected event to listeners.
17:27:35:760  INFO 135156 --- [main] com.alibaba.nacos.common.remote.client   : [b7d2fc4d-6d3d-4d60-aa10-f40d86f05abd] Register server push request handler:com.alibaba.nacos.common.remote.client.RpcClient$ConnectResetRequestHandler
17:27:35:760  INFO 135156 --- [main] com.alibaba.nacos.common.remote.client   : [b7d2fc4d-6d3d-4d60-aa10-f40d86f05abd] Register server push request handler:com.alibaba.nacos.common.remote.client.RpcClient$$Lambda$958/0x000000080072c040
17:27:35:810  INFO 135156 --- [main] o.s.b.w.embedded.tomcat.TomcatWebServer  : Tomcat started on port(s): 8084 (http) with context path ''
17:27:35:819  INFO 135156 --- [main] c.a.c.n.registry.NacosServiceRegistry    : nacos registry, DEFAULT_GROUP user-service 192.168.255.1:8084 register finished
17:27:36:323  INFO 135156 --- [nacos-grpc-client-executor-9] com.alibaba.nacos.common.remote.client   : [b7d2fc4d-6d3d-4d60-aa10-f40d86f05abd] Receive server push request, request = NotifySubscriberRequest, requestId = 42
17:27:36:325  INFO 135156 --- [nacos-grpc-client-executor-9] com.alibaba.nacos.common.remote.client   : [b7d2fc4d-6d3d-4d60-aa10-f40d86f05abd] Ack server push request, request = NotifySubscriberRequest, requestId = 42
17:27:36:485  INFO 135156 --- [main] d.s.w.p.DocumentationPluginsBootstrapper : Documentation plugins bootstrapped
17:27:36:488  INFO 135156 --- [main] d.s.w.p.DocumentationPluginsBootstrapper : Found 1 custom documentation plugin(s)
17:27:36:506  INFO 135156 --- [main] s.d.s.w.s.ApiListingReferenceScanner     : Scanning for api listing references
17:27:36:618  INFO 135156 --- [main] com.hmall.user.UserApplication           : Started UserApplication in 11.014 seconds (JVM running for 12.287)
17:27:39:362  INFO 135156 --- [http-nio-8084-exec-1] o.a.c.c.C.[Tomcat].[localhost].[/]       : Initializing Spring DispatcherServlet 'dispatcherServlet'
17:27:39:362  INFO 135156 --- [http-nio-8084-exec-1] o.s.web.servlet.DispatcherServlet        : Initializing Servlet 'dispatcherServlet'
17:27:39:364  INFO 135156 --- [http-nio-8084-exec-1] o.s.web.servlet.DispatcherServlet        : Completed initialization in 2 ms
17:28:25:512  INFO 135156 --- [http-nio-8084-exec-9] com.zaxxer.hikari.HikariDataSource       : HikariPool-1 - Starting...
17:28:25:795  INFO 135156 --- [http-nio-8084-exec-9] com.zaxxer.hikari.HikariDataSource       : HikariPool-1 - Start completed.
17:28:25:802 DEBUG 135156 --- [http-nio-8084-exec-9] c.h.user.mapper.UserMapper.selectOne     : ==>  Preparing: SELECT id,username,password,phone,create_time,update_time,status,balance FROM user WHERE (username = ?)
17:28:25:824 DEBUG 135156 --- [http-nio-8084-exec-9] c.h.user.mapper.UserMapper.selectOne     : ==> Parameters: jack(String)
17:28:25:846 DEBUG 135156 --- [http-nio-8084-exec-9] c.h.user.mapper.UserMapper.selectOne     : <==      Total: 1
17:28:55:836  WARN 135156 --- [Thread-4] c.a.nacos.common.notify.NotifyCenter     : [NotifyCenter] Start destroying Publisher
17:28:55:836  WARN 135156 --- [Thread-7] c.a.n.common.http.HttpClientBeanHolder   : [HttpClientBeanHolder] Start destroying common HttpClient
17:28:55:837  WARN 135156 --- [Thread-4] c.a.nacos.common.notify.NotifyCenter     : [NotifyCenter] Destruction of the end
17:28:55:837  WARN 135156 --- [Thread-7] c.a.n.common.http.HttpClientBeanHolder   : [HttpClientBeanHolder] Destruction of the end
17:28:56:321  INFO 135156 --- [SpringApplicationShutdownHook] c.a.c.n.registry.NacosServiceRegistry    : De-registering from Nacos Server now...
17:28:56:326  INFO 135156 --- [SpringApplicationShutdownHook] c.a.c.n.registry.NacosServiceRegistry    : De-registration finished.
17:28:56:657  INFO 135156 --- [SpringApplicationShutdownHook] com.alibaba.nacos.common.remote.client   : Shutdown rpc client, set status to shutdown
17:28:56:657  INFO 135156 --- [SpringApplicationShutdownHook] com.alibaba.nacos.common.remote.client   : Shutdown client event executor java.util.concurrent.ScheduledThreadPoolExecutor@70ac0fa7[Running, pool size = 2, active threads = 2, queued tasks = 0, completed tasks = 0]
17:28:56:658  INFO 135156 --- [SpringApplicationShutdownHook] com.alibaba.nacos.common.remote.client   : Close current connection 1749461257337_192.168.88.1_63205
17:28:56:662  INFO 135156 --- [nacos-grpc-client-executor-32] c.a.n.c.remote.client.grpc.GrpcClient    : [1749461257337_192.168.88.1_63205]Ignore complete event,isRunning:false,isAbandon=false
17:28:56:666  INFO 135156 --- [SpringApplicationShutdownHook] c.a.n.c.remote.client.grpc.GrpcClient    : Shutdown grpc executor java.util.concurrent.ThreadPoolExecutor@3c907e1e[Running, pool size = 7, active threads = 0, queued tasks = 0, completed tasks = 33]
17:28:56:672  INFO 135156 --- [SpringApplicationShutdownHook] com.zaxxer.hikari.HikariDataSource       : HikariPool-1 - Shutdown initiated...
17:28:56:706  INFO 135156 --- [SpringApplicationShutdownHook] com.zaxxer.hikari.HikariDataSource       : HikariPool-1 - Shutdown completed.
